#
# A fatal error has been detected by the Java Runtime Environment:
#
#  EXCEPTION_ACCESS_VIOLATION (0xc0000005) at pc=0x5ba9ba33, pid=13784, tid=0x00001734
#
# JRE version: Java(TM) SE Runtime Environment (8.0_191-b12) (build 1.8.0_191-b12)
# Java VM: Java HotSpot(TM) Client VM (25.191-b12 mixed mode windows-x86 )
# Problematic frame:
# V  [jvm.dll+0x15ba33]
#
# Failed to write core dump. Minidumps are not enabled by default on client versions of Windows
#
# If you would like to submit a bug report, please visit:
#   http://bugreport.java.com/bugreport/crash.jsp
#


GC heap before
{Heap before GC invocations=3 (full 1):
 def new generation   total 39424K, used 35072K [0x04a00000, 0x074c0000, 0x0f4a0000)
  eden space 35072K, 100% used [0x04a00000, 0x06c40000, 0x06c40000)
  from space 4352K,   0% used [0x06c40000, 0x06c40000, 0x07080000)
  to   space 4352K,   0% used [0x07080000, 0x07080000, 0x074c0000)
 tenured generation   total 87424K, used 29268K [0x0f4a0000, 0x14a00000, 0x24a00000)
   the space 87424K,  33% used [0x0f4a0000, 0x11135020, 0x11135200, 0x14a00000)
 Metaspace       used 16068K, capacity 16466K, committed 16512K, reserved 16768K
Event: 3.299 GC heap after
Heap after GC invocations=4 (full 1):
 def new generation   total 39424K, used 4304K [0x04a00000, 0x074c0000, 0x0f4a0000)
  eden space 35072K,   0% used [0x04a00000, 0x04a00000, 0x06c40000)
  from space 4352K,  98% used [0x07080000, 0x074b41e8, 0x074c0000)
  to   space 4352K,   0% used [0x06c40000, 0x06c40000, 0x07080000)
 tenured generation   total 87424K, used 29268K [0x0f4a0000, 0x14a00000, 0x24a00000)
   the space 87424K,  33% used [0x0f4a0000, 0x11135020, 0x11135200, 0x14a00000)
 Metaspace       used 16068K, capacity 16466K, committed 16512K, reserved 16768K
}
Event: 4.587 GC heap before
{Heap before GC invocations=4 (full 1):
 def new generation   total 39424K, used 39376K [0x04a00000, 0x074c0000, 0x0f4a0000)
  eden space 35072K, 100% used [0x04a00000, 0x06c40000, 0x06c40000)
  from space 4352K,  98% used [0x07080000, 0x074b41e8, 0x074c0000)
  to   space 4352K,   0% used [0x06c40000, 0x06c40000, 0x07080000)
 tenured generation   total 87424K, used 29268K [0x0f4a0000, 0x14a00000, 0x24a00000)
   the space 87424K,  33% used [0x0f4a0000, 0x11135020, 0x11135200, 0x14a00000)
 Metaspace       used 16659K, capacity 17062K, committed 17152K, reserved 17792K
Event: 4.597 GC heap after
Heap after GC invocations=5 (full 1):
 def new generation   total 39424K, used 1032K [0x04a00000, 0x074c0000, 0x0f4a0000)
  eden space 35072K,   0% used [0x04a00000, 0x04a00000, 0x06c40000)
  from space 4352K,  23% used [0x06c40000, 0x06d421e0, 0x07080000)
  to   space 4352K,   0% used [0x07080000, 0x07080000, 0x074c0000)
 tenured generation   total 87424K, used 30588K [0x0f4a0000, 0x14a00000, 0x24a00000)
   the space 87424K,  34% used [0x0f4a0000, 0x1127f300, 0x1127f400, 0x14a00000)
 Metaspace       used 16659K, capacity 17062K, committed 17152K, reserved 17792K
}
Event: 7.090 GC heap before
{Heap before GC invocations=5 (full 1):
 def new generation   total 39424K, used 36104K [0x04a00000, 0x074c0000, 0x0f4a0000)
  eden space 35072K, 100% used [0x04a00000, 0x06c40000, 0x06c40000)
  from space 4352K,  23% used [0x06c40000, 0x06d421e0, 0x07080000)
  to   space 4352K,   0% used [0x07080000, 0x07080000, 0x074c0000)
 tenured generation   total 87424K, used 30588K [0x0f4a0000, 0x14a00000, 0x24a00000)
   the space 87424K,  34% used [0x0f4a0000, 0x1127f300, 0x1127f400, 0x14a00000)
 Metaspace       used 19226K, capacity 19716K, committed 19840K, reserved 19840K
Event: 7.101 GC heap after
Heap after GC invocations=6 (full 1):
 def new generation   total 39424K, used 4352K [0x04a00000, 0x074c0000, 0x0f4a0000)
  eden space 35072K,   0% used [0x04a00000, 0x04a00000, 0x06c40000)
  from space 4352K, 100% used [0x07080000, 0x074c0000, 0x074c0000)
  to   space 4352K,   0% used [0x06c40000, 0x06c40000, 0x07080000)
 tenured generation   total 87424K, used 32505K [0x0f4a0000, 0x14a00000, 0x24a00000)
   the space 87424K,  37% used [0x0f4a0000, 0x1145e660, 0x1145e800, 0x14a00000)
 Metaspace       used 19226K, capacity 19716K, committed 19840K, reserved 19840K
}
Event: 7.152 GC heap before
{Heap before GC invocations=6 (full 1):
 def new generation   total 39424K, used 6224K [0x04a00000, 0x074c0000, 0x0f4a0000)
  eden space 35072K,   5% used [0x04a00000, 0x04bd40b0, 0x06c40000)
  from space 4352K, 100% used [0x07080000, 0x074c0000, 0x074c0000)
  to   space 4352K,   0% used [0x06c40000, 0x06c40000, 0x07080000)
 tenured generation   total 87424K, used 32505K [0x0f4a0000, 0x14a00000, 0x24a00000)
   the space 87424K,  37% used [0x0f4a0000, 0x1145e660, 0x1145e800, 0x14a00000)
 Metaspace       used 19944K, capacity 20433K, committed 20480K, reserved 20864K
Event: 7.203 GC heap after
Heap after GC invocations=7 (full 2):
 def new generation   total 39424K, used 0K [0x04a00000, 0x074c0000, 0x0f4a0000)
  eden space 35072K,   0% used [0x04a00000, 0x04a00000, 0x06c40000)
  from space 4352K,   0% used [0x07080000, 0x07080000, 0x074c0000)
  to   space 4352K,   0% used [0x06c40000, 0x06c40000, 0x07080000)
 tenured generation   total 87424K, used 34097K [0x0f4a0000, 0x14a00000, 0x24a00000)
   the space 87424K,  39% used [0x0f4a0000, 0x115ec658, 0x115ec800, 0x14a00000)
 Metaspace       used 19944K, capacity 20433K, committed 20480K, reserved 20864K
}
Event: 68.949 GC heap before
{Heap before GC invocations=7 (full 2):
 def new generation   total 39424K, used 35072K [0x04a00000, 0x074c0000, 0x0f4a0000)
  eden space 35072K, 100% used [0x04a00000, 0x06c40000, 0x06c40000)
  from space 4352K,   0% used [0x07080000, 0x07080000, 0x074c0000)
  to   space 4352K,   0% used [0x06c40000, 0x06c40000, 0x07080000)
 tenured generation   total 87424K, used 34097K [0x0f4a0000, 0x14a00000, 0x24a00000)
   the space 87424K,  39% used [0x0f4a0000, 0x115ec658, 0x115ec800, 0x14a00000)
 Metaspace       used 23282K, capacity 23911K, committed 23936K, reserved 23936K
Event: 68.964 GC heap after
Heap after GC invocations=8 (full 2):
 def new generation   total 39424K, used 4352K [0x04a00000, 0x074c0000, 0x0f4a0000)
  eden space 35072K,   0% used [0x04a00000, 0x04a00000, 0x06c40000)
  from space 4352K, 100% used [0x06c40000, 0x07080000, 0x07080000)
  to   space 4352K,   0% used [0x07080000, 0x07080000, 0x074c0000)
 tenured generation   total 87424K, used 39357K [0x0f4a0000, 0x14a00000, 0x24a00000)
   the space 87424K,  45% used [0x0f4a0000, 0x11b0f480, 0x11b0f600, 0x14a00000)
 Metaspace       used 23282K, capacity 23911K, committed 23936K, reserved 23936K
}

Deoptimization events (0 events):
No events

Classes redefined (0 events):
No events

Internal exceptions (10 events):
Event: 2008.566 Thread 0x263f7c00 Exception <a 'java/io/IOException'> (0x06760ec8) thrown at [C:\workspace\8-2-build-windows-i586-cygwin\jdk8u191\11896\hotspot\src\share\vm\prims\jni.cpp, line 709]
Event: 2008.567 Thread 0x263f7c00 Exception <a 'java/net/UnknownHostException': builder.arduino.cc> (0x06761a08) thrown at [C:\workspace\8-2-build-windows-i586-cygwin\jdk8u191\11896\hotspot\src\share\vm\prims\jni.cpp, line 735]
Event: 2008.568 Thread 0x263f7c00 Exception <a 'java/io/IOException'> (0x06770668) thrown at [C:\workspace\8-2-build-windows-i586-cygwin\jdk8u191\11896\hotspot\src\share\vm\prims\jni.cpp, line 709]
Event: 2008.568 Thread 0x263f7c00 Exception <a 'java/io/IOException'> (0x06770a90) thrown at [C:\workspace\8-2-build-windows-i586-cygwin\jdk8u191\11896\hotspot\src\share\vm\prims\jni.cpp, line 709]
Event: 2070.670 Thread 0x263f7c00 Exception <a 'java/io/IOException'> (0x06796b20) thrown at [C:\workspace\8-2-build-windows-i586-cygwin\jdk8u191\11896\hotspot\src\share\vm\prims\jni.cpp, line 709]
Event: 2070.671 Thread 0x263f7c00 Exception <a 'java/io/IOException'> (0x06796f48) thrown at [C:\workspace\8-2-build-windows-i586-cygwin\jdk8u191\11896\hotspot\src\share\vm\prims\jni.cpp, line 709]
Event: 2070.671 Thread 0x263f7c00 Exception <a 'java/net/UnknownHostException': builder.arduino.cc> (0x0679bcb0) thrown at [C:\workspace\8-2-build-windows-i586-cygwin\jdk8u191\11896\hotspot\src\share\vm\prims\jni.cpp, line 735]
Event: 2070.672 Thread 0x263f7c00 Exception <a 'java/io/IOException'> (0x067a6520) thrown at [C:\workspace\8-2-build-windows-i586-cygwin\jdk8u191\11896\hotspot\src\share\vm\prims\jni.cpp, line 709]
Event: 2070.672 Thread 0x263f7c00 Exception <a 'java/io/IOException'> (0x067a6948) thrown at [C:\workspace\8-2-build-windows-i586-cygwin\jdk8u191\11896\hotspot\src\share\vm\prims\jni.cpp, line 709]
Event: 2544.334 Thread 0x263f6800 Exception <a 'java/lang/Error': IP Helper Library GetIfTable function failed> (0x068958a0) thrown at [C:\workspace\8-2-build-windows-i586-cygwin\jdk8u191\11896\hotspot\src\share\vm\prims\jni.cpp, line 735]

Events (10 events):
Event: 615.124 Executing VM operation: BulkRevokeBias
Event: 615.125 Executing VM operation: BulkRevokeBias done
Event: 903.049 Executing VM operation: BulkRevokeBias
Event: 903.051 Executing VM operation: BulkRevokeBias done
Event: 2544.360 Executing VM operation: RevokeBias
Event: 2544.448 Executing VM operation: RevokeBias done
Event: 2544.448 Executing VM operation: RevokeBias
Event: 2544.448 Executing VM operation: RevokeBias done
Event: 2544.449 Executing VM operation: RevokeBias
Event: 2544.450 Executing VM operation: RevokeBias done


Dynamic libraries:
0x00bf0000 - 0x00c23000 	C:\Program Files (x86)\Arduino\java\bin\javaw.exe
0x76e80000 - 0x7701a000 	C:\WINDOWS\SYSTEM32\ntdll.dll
0x74e70000 - 0x74f50000 	C:\WINDOWS\System32\KERNEL32.DLL
0x76390000 - 0x7658c000 	C:\WINDOWS\System32\KERNELBASE.dll
0x753d0000 - 0x75449000 	C:\WINDOWS\System32\ADVAPI32.dll
0x75490000 - 0x7554f000 	C:\WINDOWS\System32\msvcrt.dll
0x767c0000 - 0x76836000 	C:\WINDOWS\System32\sechost.dll
0x760c0000 - 0x7617b000 	C:\WINDOWS\System32\RPCRT4.dll
0x74650000 - 0x74670000 	C:\WINDOWS\System32\SspiCli.dll
0x74640000 - 0x7464a000 	C:\WINDOWS\System32\CRYPTBASE.dll
0x757a0000 - 0x757ff000 	C:\WINDOWS\System32\bcryptPrimitives.dll
0x746f0000 - 0x74887000 	C:\WINDOWS\System32\USER32.dll
0x765f0000 - 0x76607000 	C:\WINDOWS\System32\win32u.dll
0x76cd0000 - 0x76cf1000 	C:\WINDOWS\System32\GDI32.dll
0x76230000 - 0x7638a000 	C:\WINDOWS\System32\gdi32full.dll
0x74670000 - 0x746ec000 	C:\WINDOWS\System32\msvcp_win.dll
0x76610000 - 0x7672f000 	C:\WINDOWS\System32\ucrtbase.dll
0x6e910000 - 0x6eb1f000 	C:\WINDOWS\WinSxS\x86_microsoft.windows.common-controls_6595b64144ccf1df_6.0.18362.535_none_2e70ea1e278c3127\COMCTL32.dll
0x74f50000 - 0x751c6000 	C:\WINDOWS\System32\combase.dll
0x75560000 - 0x75585000 	C:\WINDOWS\System32\IMM32.DLL
0x5cd70000 - 0x5ce2f000 	C:\Program Files (x86)\Arduino\java\bin\msvcr100.dll
0x5b940000 - 0x5bd13000 	C:\Program Files (x86)\Arduino\java\bin\client\jvm.dll
0x76d60000 - 0x76d66000 	C:\WINDOWS\System32\PSAPI.DLL
0x73eb0000 - 0x73ed4000 	C:\WINDOWS\SYSTEM32\WINMM.dll
0x73e60000 - 0x73e68000 	C:\WINDOWS\SYSTEM32\VERSION.dll
0x715f0000 - 0x71613000 	C:\WINDOWS\SYSTEM32\WINMMBASE.dll
0x75450000 - 0x7548b000 	C:\WINDOWS\System32\cfgmgr32.dll
0x74300000 - 0x74308000 	C:\WINDOWS\SYSTEM32\WSOCK32.dll
0x76d00000 - 0x76d5e000 	C:\WINDOWS\System32\WS2_32.dll
0x6af70000 - 0x6afa0000 	C:\Program Files (x86)\Arduino\java\bin\splashscreen.dll
0x73ee0000 - 0x73f5a000 	C:\WINDOWS\system32\uxtheme.dll
0x6ba40000 - 0x6ba4c000 	C:\Program Files (x86)\Arduino\java\bin\verify.dll
0x5e000000 - 0x5e022000 	C:\Program Files (x86)\Arduino\java\bin\java.dll
0x759e0000 - 0x75ae3000 	C:\WINDOWS\System32\MSCTF.dll
0x75860000 - 0x758f2000 	C:\WINDOWS\System32\OLEAUT32.dll
0x6b020000 - 0x6b034000 	C:\Program Files (x86)\Arduino\java\bin\zip.dll
0x75550000 - 0x7555f000 	C:\WINDOWS\System32\kernel.appcore.dll
0x744b0000 - 0x74534000 	C:\WINDOWS\System32\TextInputFramework.dll
0x6d5f0000 - 0x6d84e000 	C:\WINDOWS\System32\CoreUIComponents.dll
0x6de50000 - 0x6ded9000 	C:\WINDOWS\System32\CoreMessaging.dll
0x76180000 - 0x76204000 	C:\WINDOWS\System32\SHCORE.dll
0x6d510000 - 0x6d5ea000 	C:\WINDOWS\SYSTEM32\wintypes.dll
0x70fe0000 - 0x71009000 	C:\WINDOWS\SYSTEM32\ntmarta.dll
0x713c0000 - 0x715e9000 	C:\WINDOWS\System32\iertutil.dll
0x756a0000 - 0x75797000 	C:\WINDOWS\System32\ole32.dll
0x75960000 - 0x759e0000 	C:\WINDOWS\System32\clbcatq.dll
0x75af0000 - 0x7606a000 	C:\WINDOWS\System32\SHELL32.dll
0x748a0000 - 0x74e65000 	C:\WINDOWS\System32\windows.storage.dll
0x76cb0000 - 0x76cc7000 	C:\WINDOWS\System32\profapi.dll
0x76730000 - 0x76773000 	C:\WINDOWS\System32\powrprof.dll
0x75590000 - 0x7559d000 	C:\WINDOWS\System32\UMPDC.dll
0x755a0000 - 0x755e4000 	C:\WINDOWS\System32\shlwapi.dll
0x76210000 - 0x76223000 	C:\WINDOWS\System32\cryptsp.dll
0x61940000 - 0x619b3000 	C:\Program Files (x86)\Arduino\lib\listSerialsj.dll
0x76840000 - 0x76c89000 	C:\WINDOWS\System32\SETUPAPI.dll
0x76c90000 - 0x76ca9000 	C:\WINDOWS\System32\bcrypt.dll
0x6aff0000 - 0x6b00d000 	C:\Program Files (x86)\Arduino\lib\jnidispatch-4.2.2-win32-x86.dll
0x64e40000 - 0x64e55000 	C:\Program Files (x86)\Arduino\java\bin\net.dll
0x6f970000 - 0x6f9c2000 	C:\WINDOWS\system32\mswsock.dll
0x6af60000 - 0x6af6f000 	C:\Program Files (x86)\Arduino\java\bin\nio.dll
0x5c3f0000 - 0x5c537000 	C:\Program Files (x86)\Arduino\java\bin\awt.dll
0x741c0000 - 0x7425f000 	C:\WINDOWS\SYSTEM32\apphelp.dll
0x73590000 - 0x735b5000 	C:\WINDOWS\system32\DWMAPI.DLL
0x5dc80000 - 0x5dcb9000 	C:\Program Files (x86)\Arduino\java\bin\fontmanager.dll
0x5cc70000 - 0x5cd6f000 	C:\WINDOWS\system32\opengl32.dll
0x5db40000 - 0x5db7f000 	C:\WINDOWS\SYSTEM32\GLU32.dll
0x655a0000 - 0x655b9000 	C:\WINDOWS\SYSTEM32\dxcore.dll
0x5c8c0000 - 0x5c8f2000 	C:\Program Files (x86)\Arduino\java\bin\t2k.dll
0x6ae30000 - 0x6ae3a000 	C:\Program Files (x86)\Arduino\java\bin\management.dll
0x6ef90000 - 0x6efa1000 	C:\WINDOWS\system32\napinsp.dll
0x6ee80000 - 0x6ee96000 	C:\WINDOWS\system32\pnrpnsp.dll
0x6edc0000 - 0x6ee51000 	C:\WINDOWS\SYSTEM32\DNSAPI.dll
0x767a0000 - 0x767a7000 	C:\WINDOWS\System32\NSI.dll
0x712b0000 - 0x712e2000 	C:\WINDOWS\SYSTEM32\IPHLPAPI.DLL
0x6edb0000 - 0x6edbb000 	C:\WINDOWS\System32\winrnr.dll
0x6ed90000 - 0x6eda6000 	C:\WINDOWS\system32\NLAapi.dll
0x6ed80000 - 0x6ed90000 	C:\WINDOWS\system32\wshbth.dll
0x6e870000 - 0x6e8c1000 	C:\WINDOWS\System32\fwpuclnt.dll
0x6ecf0000 - 0x6ecf8000 	C:\Windows\System32\rasadhlp.dll
0x6e0d0000 - 0x6e0e3000 	C:\WINDOWS\SYSTEM32\dhcpcsvc6.DLL
0x6e0f0000 - 0x6e105000 	C:\WINDOWS\SYSTEM32\dhcpcsvc.DLL
0x6e110000 - 0x6e13f000 	C:\WINDOWS\system32\rsaenh.dll
0x73e40000 - 0x73e5e000 	C:\WINDOWS\SYSTEM32\USERENV.dll
0x5c850000 - 0x5c8b9000 	C:\Program Files (x86)\Arduino\msvcp100.dll
0x5c690000 - 0x5c74e000 	C:\Program Files (x86)\Arduino\msvcr100.dll
0x27240000 - 0x27272000 	C:\Program Files (x86)\Arduino\lib\AStylej.dll
0x5dd40000 - 0x5dd64000 	C:\Program Files (x86)\Arduino\java\bin\dcpr.dll
0x5ce30000 - 0x5cf99000 	C:\WINDOWS\SYSTEM32\WindowsCodecs.dll
0x5c810000 - 0x5c841000 	C:\WINDOWS\system32\dataexchange.dll
0x5c150000 - 0x5c2b9000 	C:\WINDOWS\system32\dcomp.dll
0x59020000 - 0x591fe000 	C:\WINDOWS\system32\d3d11.dll
0x5c080000 - 0x5c141000 	C:\WINDOWS\system32\dxgi.dll
0x5ca50000 - 0x5cc34000 	C:\WINDOWS\system32\twinapi.appcore.dll
0x65440000 - 0x6545f000 	C:\WINDOWS\system32\RMCLIENT.dll
0x5dbd0000 - 0x5dc22000 	C:\WINDOWS\system32\Ninput.dll
0x6ae40000 - 0x6ae60000 	C:\Program Files (x86)\Arduino\java\bin\sunec.dll
0x6a670000 - 0x6a679000 	C:\Program Files (x86)\Arduino\java\bin\sunmscapi.dll
0x76d70000 - 0x76e6b000 	C:\WINDOWS\System32\CRYPT32.dll
0x74890000 - 0x7489e000 	C:\WINDOWS\System32\MSASN1.dll
0x6ef30000 - 0x6ef53000 	C:\WINDOWS\SYSTEM32\DEVOBJ.dll
0x76070000 - 0x760b6000 	C:\WINDOWS\System32\WINTRUST.dll

VM Arguments:
jvm_args: -Dsun.java2d.d3d=false -Djna.nosys=true -Djna.nounpack=true -Djna.boot.library.name=jnidispatch-4.2.2-win32-x86 -Djna.boot.library.path=C:\Program Files (x86)\Arduino/lib -Djssc.library.path=C:\Program Files (x86)\Arduino/lib -DAPP_DIR=C:\Program Files (x86)\Arduino -Xms128M -Xmx512M -Dfile.encoding=UTF8 -Djava.net.preferIPv4Stack=true 
java_command: processing.app.Base C:\Users\Admin\Documents\Arduino\robotic_arm_servo_calibaration_2.0\robotic_arm_servo_calibaration_2.0.ino
java_class_path (initial): C:\Program Files (x86)\Arduino\lib\apple.jar;C:\Program Files (x86)\Arduino\lib\arduino-core.jar;C:\Program Files (x86)\Arduino\lib\batik-1.8.jar;C:\Program Files (x86)\Arduino\lib\batik-anim-1.8.jar;C:\Program Files (x86)\Arduino\lib\batik-awt-util-1.8.jar;C:\Program Files (x86)\Arduino\lib\batik-bridge-1.8.jar;C:\Program Files (x86)\Arduino\lib\batik-codec-1.8.jar;C:\Program Files (x86)\Arduino\lib\batik-css-1.8.jar;C:\Program Files (x86)\Arduino\lib\batik-dom-1.8.jar;C:\Program Files (x86)\Arduino\lib\batik-ext-1.8.jar;C:\Program Files (x86)\Arduino\lib\batik-gvt-1.8.jar;C:\Program Files (x86)\Arduino\lib\batik-parser-1.8.jar;C:\Program Files (x86)\Arduino\lib\batik-rasterizer-1.8.jar;C:\Program Files (x86)\Arduino\lib\batik-script-1.8.jar;C:\Program Files (x86)\Arduino\lib\batik-squiggle-1.8.jar;C:\Program Files (x86)\Arduino\lib\batik-svg-dom-1.8.jar;C:\Program Files (x86)\Arduino\lib\batik-svgpp-1.8.jar;C:\Program Files (x86)\Arduino\lib\batik-transcoder-1.8.jar;C:\Program Files (x86)\Arduino\lib\batik-util-1.8.jar;C:\Program Files (x86)\Arduino\lib\batik-xml-1.8.jar;C:\Program Files (x86)\Arduino\lib\bcpg-jdk15on-152.jar;C:\Program Files (x86)\Arduino\lib\bcprov-jdk15on-152.jar;C:\Program Files (x86)\Arduino\lib\commons-codec-1.7.jar;C:\Program Files (x86)\Arduino\lib\commons-compress-1.8.jar;C:\Program Files (x86)\Arduino\lib\commons-exec-1.1.jar;C:\Program Files (x86)\Arduino\lib\commons-httpclient-3.1.jar;C:\Program Files (x86)\Arduino\lib\commons-lang3-3.8.1.jar;C:\Program Files (x86)\Arduino\lib\commons-logging-1.0.4.jar;C:\Program Files (x86)\Arduino\lib\commons-net-3.3.jar;C:\Program Files (x86)\Arduino\lib\commons-io-2.6.jar;C:\Program Files (x86)\Arduino\lib\jackson-annotations-2.9.5.jar;C:\Program Files (x86)\Arduino\lib\jackson-core-2.9.5.jar;C:\Program Files (x86)\Arduino\lib\jackson-databind-2.9.5.jar;C:\Program Files (x86)\Arduino\lib\jackson-module-mrbean-2.9.5.jar;C:\Program Files (x86)\Arduino\lib\java-semver-0.8.
Launcher Type: SUN_STANDARD

Environment Variables:
PATH=C:\WinAVR-20100110\bin;C:\WinAVR-20100110\utils\bin;C:\ProgramData\Oracle\Java\javapath;C:\WINDOWS\system32;C:\WINDOWS;C:\WINDOWS\System32\Wbem;C:\WINDOWS\System32\WindowsPowerShell\v1.0\;c:\Program Files (x86)\ATI Technologies\ATI.ACE\Core-Static;C:\Program Files\Intel\WiFi\bin\;C:\Program Files\Common Files\Intel\WirelessCommon\;C:\WINDOWS\System32\OpenSSH\;C:\Program Files\MATLAB\R2018b\runtime\win64;C:\Program Files\MATLAB\R2018b\bin;C:\Program Files (x86)\Intel\Intel(R) Management Engine Components\DAL;C:\Program Files\Intel\Intel(R) Management Engine Components\DAL;C:\Users\Admin\AppData\Local\Microsoft\WindowsApps;;C:\Program Files (x86)\Arduino\java\bin
USERNAME=Admin
OS=Windows_NT
PROCESSOR_IDENTIFIER=Intel64 Family 6 Model 78 Stepping 3, GenuineIntel



---------------  S Y S T E M  ---------------

OS: Windows 10.0 , 64 bit Build 18362 (10.0.18362.329)

CPU:total 4 (initial active 4) (2 cores per cpu, 2 threads per core) family 6 model 78 stepping 3, cmov, cx8, fxsr, mmx, sse, sse2, sse3, ssse3, sse4.1, sse4.2, popcnt, avx, avx2, aes, clmul, erms, 3dnowpref, lzcnt, ht, tsc, tscinvbit, bmi1, bmi2, adx

Memory: 4k page, physical 8277912k(1680524k free), swap 33443736k(0k free)

vm_info: Java HotSpot(TM) Client VM (25.191-b12) for windows-x86 JRE (1.8.0_191-b12), built on Oct  6 2018 08:34:23 by "java_re" with MS VC++ 10.0 (VS2010)

time: Mon Jan 13 02:03:00 2020
elapsed time: 2545 seconds (0d 0h 42m 25s)

